[0mGET / [36m304[0m 13.899 ms - -[0m
[0mGET /user/signin [36m304[0m 10.222 ms - -[0m
[0mPOST /user/signin/createSession [36m302[0m 28.922 ms - 68[0m
[0mGET /user/signin [32m200[0m 5.372 ms - 3425[0m
[0mGET /user/signin [32m200[0m 34.851 ms - 2988[0m
[0mGET /user/signup [32m200[0m 21.702 ms - 4420[0m
[0mGET / [36m304[0m 22.580 ms - -[0m
[0mGET /user/signin [36m304[0m 27.302 ms - -[0m
[0mGET /user/signup [36m304[0m 11.647 ms - -[0m
[0mGET /user/otp/?email=dharmendrabhadauria77@gmail.com&name=dharmendra [32m201[0m 4544.450 ms - 35[0m
[0mPOST /user/signup/createUser [32m200[0m 181.655 ms - 2988[0m
[0mPOST /user/signin/createSession [36m302[0m 79.173 ms - 68[0m
[0mGET /user/signin [32m200[0m 14.080 ms - 3409[0m
[0mPOST /user/signin/createSession [36m302[0m 41.167 ms - 68[0m
[0mGET /user/signin [36m304[0m 8.036 ms - -[0m
[0mGET /user/password/resetlink/dharmendrabhadauria77@gmail.com [36m304[0m 4189.024 ms - -[0m
[0mGET /user/password/resetpage/?resetToken=8c71a73c61d5c72b0e33651d0fc4d7467bd55c10 [32m200[0m 8.423 ms - 2399[0m
[0mPOST /user/password/resetdone [32m200[0m 135.960 ms - 42[0m
[0mPOST /user/signin/createSession [36m302[0m 121.321 ms - 70[0m
[0mGET /user/profile [32m200[0m 12.103 ms - 4040[0m
[0mPOST /user/edit/password/64b38f20a446d089c17c94e0 [36m302[0m 121.584 ms - 112[0m
[0mGET /user/profile [32m200[0m 10.633 ms - 4114[0m
[0mGET /user/destroy [36m302[0m 9.216 ms - 46[0m
[0mGET / [36m304[0m 7.577 ms - -[0m
[0mGET /user/signin [32m200[0m 5.944 ms - 2988[0m
[0mGET /user/auth/google [36m302[0m 24.956 ms - 0[0m
[0mGET /user/auth/google/callback?code=4%2F0Adeu5BX5L4BhX2COmZRmipjd4hZTyPV4MEuiba3YZPyUAWPmh2bzHQgbjjGJY_taFxbRLQ&scope=email+profile+openid+https%3A%2F%2Fwww.googleapis.com%2Fauth%2Fuserinfo.profile+https%3A%2F%2Fwww.googleapis.com%2Fauth%2Fuserinfo.email&authuser=0&prompt=none [36m302[0m 1592.941 ms - 70[0m
[0mGET /user/profile [32m200[0m 21.491 ms - 4040[0m
[0mGET /user/profile [32m200[0m 16.089 ms - 3686[0m
[0mGET /user/profile [36m304[0m 13.873 ms - -[0m
[0mGET /user/profile [36m302[0m 3.681 ms - 68[0m
[0mGET /user/signin [32m200[0m 12.151 ms - 2988[0m
[0mGET /favicon.ico [33m404[0m 8.638 ms - 150[0m
[0mGET /user/profile [36m302[0m 2.540 ms - 68[0m
[0mGET /user/signin [36m304[0m 13.826 ms - -[0m
[0mGET /favicon.ico [33m404[0m 8.000 ms - 150[0m
[0mGET /user/auth/google [36m302[0m 6.384 ms - 0[0m
[0mGET /user/auth/google/callback?code=4%2F0Adeu5BXqShu2PBH3oNEB1hYf6dsSue4LugzsA2taidG5HSNFHpZzCWTwcxWaIIJGYbSn9A&scope=email+profile+https%3A%2F%2Fwww.googleapis.com%2Fauth%2Fuserinfo.profile+https%3A%2F%2Fwww.googleapis.com%2Fauth%2Fuserinfo.email+openid&authuser=0&prompt=none [36m302[0m 3326.186 ms - 70[0m
[0mGET /user/profile [32m200[0m 8.864 ms - 4050[0m
[0mGET /user/destroy [36m302[0m 12.121 ms - 46[0m
[0mGET / [36m304[0m 11.159 ms - -[0m
[0mGET /user/signup [32m200[0m 10.297 ms - 4420[0m
[0mGET /user/otp/?email=dharmendra.20scse1100004@galgotiasuniversity.edu.in&name=m [32m201[0m 5514.793 ms - 35[0m
[0mGET / [36m304[0m 11.393 ms - -[0m
[0mGET /user/signin [36m304[0m 9.277 ms - -[0m
[0mGET /user/auth/google [36m302[0m 4.904 ms - 0[0m
[0mGET /user/auth/google/callback?code=4%2F0AZEOvhU4birpE84E6q-1GGqrqO8eMet9rhBpQg564H4F3u1m2hAK0IK_2jdHXjoLFVpoZg&scope=email+profile+https%3A%2F%2Fwww.googleapis.com%2Fauth%2Fuserinfo.profile+https%3A%2F%2Fwww.googleapis.com%2Fauth%2Fuserinfo.email+openid&authuser=0&prompt=none [36m302[0m 867.427 ms - 70[0m
[0mGET /user/profile [36m304[0m 10.286 ms - -[0m
[0mGET /user/destroy [36m302[0m 7.123 ms - 46[0m
[0mGET / [36m304[0m 5.070 ms - -[0m
[0mGET /user/signup [36m304[0m 6.462 ms - -[0m
[0mGET /user/otp/?email=dharmendra.20scse1100004@galgotiasuniversity.edu.in&name=Dharmendra%20bhadauria [32m201[0m 3985.949 ms - 35[0m
[0mPOST /user/signup/createUser [32m200[0m 148.305 ms - 2988[0m
[0mPOST /user/signin/createSession [36m302[0m 127.850 ms - 70[0m
[0mGET /user/profile [32m200[0m 10.844 ms - 4111[0m
[0mGET /user/destroy [36m302[0m 7.152 ms - 46[0m
[0mGET / [36m304[0m 6.018 ms - -[0m
[0mGET /user/signin [36m304[0m 8.983 ms - -[0m
[0mGET /user/password/resetlink/dharmendra.20scse1100004@galgotiasuniversity.edu.in [32m200[0m 4913.026 ms - 44[0m
[0mGET /user/password/resetpage/?resetToken=69348d2f2672eececea64380e3fa2d6b1960fe3b [32m200[0m 10.575 ms - 2399[0m
[0mPOST /user/password/resetdone [32m200[0m 134.492 ms - 42[0m
[0mPOST /user/password/resetdone [33m400[0m 108.051 ms - 43[0m
[0mPOST /user/signin/createSession [36m302[0m 108.476 ms - 70[0m
[0mGET /user/profile [36m304[0m 8.905 ms - -[0m
[0mGET /user/destroy [36m302[0m 8.240 ms - 46[0m
[0mGET / [36m304[0m 3.766 ms - -[0m
[0mGET /user/signin [36m304[0m 5.466 ms - -[0m
[0mGET /user/auth/facebook [36m302[0m 3.313 ms - 0[0m
